{"contracts/Casino.sol":{"l":{"9":0,"10":0,"11":0,"12":0,"15":0,"19":0,"24":0,"28":0,"29":0,"30":0,"31":0,"34":0,"35":0},"path":"/Users/markus/work/courses/hardhat-erc20/contracts/Casino.sol","s":{"1":0,"2":0,"3":0,"4":0,"5":0,"6":0,"7":0,"8":0,"9":0,"10":0,"11":0,"12":0,"13":0},"b":{"1":[0,0],"2":[0,0],"3":[0,0],"4":[0,0],"5":[0,0]},"f":{"1":0},"fnMap":{"1":{"name":"playGame","line":8,"loc":{"start":{"line":8,"column":4},"end":{"line":36,"column":4}}}},"statementMap":{"1":{"start":{"line":9,"column":8},"end":{"line":9,"column":250}},"2":{"start":{"line":10,"column":12},"end":{"line":10,"column":61}},"3":{"start":{"line":11,"column":12},"end":{"line":11,"column":48}},"4":{"start":{"line":12,"column":12},"end":{"line":12,"column":18}},"5":{"start":{"line":15,"column":8},"end":{"line":15,"column":448}},"6":{"start":{"line":19,"column":8},"end":{"line":19,"column":571}},"7":{"start":{"line":24,"column":8},"end":{"line":24,"column":705}},"8":{"start":{"line":28,"column":8},"end":{"line":28,"column":811}},"9":{"start":{"line":29,"column":12},"end":{"line":29,"column":65}},"10":{"start":{"line":30,"column":12},"end":{"line":30,"column":72}},"11":{"start":{"line":31,"column":12},"end":{"line":31,"column":61}},"12":{"start":{"line":34,"column":8},"end":{"line":34,"column":42}},"13":{"start":{"line":35,"column":8},"end":{"line":35,"column":36}}},"branchMap":{"1":{"line":9,"type":"if","locations":[{"start":{"line":9,"column":8},"end":{"line":9,"column":8}},{"start":{"line":9,"column":8},"end":{"line":9,"column":8}}]},"2":{"line":15,"type":"if","locations":[{"start":{"line":15,"column":8},"end":{"line":15,"column":8}},{"start":{"line":15,"column":8},"end":{"line":15,"column":8}}]},"3":{"line":19,"type":"if","locations":[{"start":{"line":19,"column":8},"end":{"line":19,"column":8}},{"start":{"line":19,"column":8},"end":{"line":19,"column":8}}]},"4":{"line":28,"type":"if","locations":[{"start":{"line":28,"column":8},"end":{"line":28,"column":8}},{"start":{"line":28,"column":8},"end":{"line":28,"column":8}}]},"5":{"line":31,"type":"if","locations":[{"start":{"line":31,"column":12},"end":{"line":31,"column":12}},{"start":{"line":31,"column":12},"end":{"line":31,"column":12}}]}}},"contracts/DepositorCoin.sol":{"l":{"9":2,"13":2,"14":2,"18":1,"19":1},"path":"/Users/markus/work/courses/hardhat-erc20/contracts/DepositorCoin.sol","s":{"1":2,"2":2,"3":2,"4":1,"5":1},"b":{"1":[2,0],"2":[1,0]},"f":{"1":2,"2":2,"3":1},"fnMap":{"1":{"name":"constructor","line":8,"loc":{"start":{"line":8,"column":4},"end":{"line":10,"column":4}}},"2":{"name":"mint","line":12,"loc":{"start":{"line":12,"column":4},"end":{"line":15,"column":4}}},"3":{"name":"burn","line":17,"loc":{"start":{"line":17,"column":4},"end":{"line":20,"column":4}}}},"statementMap":{"1":{"start":{"line":9,"column":8},"end":{"line":9,"column":25}},"2":{"start":{"line":13,"column":8},"end":{"line":13,"column":63}},"3":{"start":{"line":14,"column":8},"end":{"line":14,"column":24}},"4":{"start":{"line":18,"column":8},"end":{"line":18,"column":63}},"5":{"start":{"line":19,"column":8},"end":{"line":19,"column":26}}},"branchMap":{"1":{"line":13,"type":"if","locations":[{"start":{"line":13,"column":8},"end":{"line":13,"column":8}},{"start":{"line":13,"column":8},"end":{"line":13,"column":8}}]},"2":{"line":18,"type":"if","locations":[{"start":{"line":18,"column":8},"end":{"line":18,"column":8}},{"start":{"line":18,"column":8},"end":{"line":18,"column":8}}]}}},"contracts/ERC20.sol":{"l":{"20":20,"21":20,"25":0,"32":0,"40":0,"42":0,"47":0,"49":0,"51":0,"55":0,"57":0,"59":0,"61":0,"69":0,"71":0,"73":0,"78":0,"79":0,"81":0,"83":0,"87":7,"89":7,"90":7,"92":7,"96":2,"98":2,"99":2,"101":2},"path":"/Users/markus/work/courses/hardhat-erc20/contracts/ERC20.sol","s":{"1":20,"2":20,"3":0,"4":0,"5":0,"6":0,"7":0,"8":0,"9":0,"10":0,"11":0,"12":0,"13":0,"14":0,"15":0,"16":0,"17":0,"18":0,"19":0,"20":0,"21":7,"22":7,"23":7,"24":7,"25":2,"26":2,"27":2,"28":2},"b":{"1":[0,0],"2":[0,0],"3":[0,0],"4":[0,0],"5":[7,0],"6":[2,0]},"f":{"1":20,"2":0,"3":0,"4":0,"5":0,"6":0,"7":7,"8":2},"fnMap":{"1":{"name":"constructor","line":19,"loc":{"start":{"line":19,"column":4},"end":{"line":22,"column":4}}},"2":{"name":"decimals","line":24,"loc":{"start":{"line":24,"column":4},"end":{"line":26,"column":4}}},"3":{"name":"transfer","line":28,"loc":{"start":{"line":28,"column":4},"end":{"line":33,"column":4}}},"4":{"name":"transferFrom","line":35,"loc":{"start":{"line":35,"column":4},"end":{"line":52,"column":4}}},"5":{"name":"approve","line":54,"loc":{"start":{"line":54,"column":4},"end":{"line":62,"column":4}}},"6":{"name":"_transfer","line":64,"loc":{"start":{"line":64,"column":4},"end":{"line":84,"column":4}}},"7":{"name":"_mint","line":86,"loc":{"start":{"line":86,"column":4},"end":{"line":93,"column":4}}},"8":{"name":"_burn","line":95,"loc":{"start":{"line":95,"column":4},"end":{"line":102,"column":4}}}},"statementMap":{"1":{"start":{"line":20,"column":8},"end":{"line":20,"column":19}},"2":{"start":{"line":21,"column":8},"end":{"line":21,"column":23}},"3":{"start":{"line":25,"column":8},"end":{"line":25,"column":17}},"4":{"start":{"line":32,"column":8},"end":{"line":32,"column":55}},"5":{"start":{"line":40,"column":8},"end":{"line":40,"column":64}},"6":{"start":{"line":42,"column":8},"end":{"line":42,"column":1050}},"7":{"start":{"line":47,"column":8},"end":{"line":47,"column":64}},"8":{"start":{"line":49,"column":8},"end":{"line":49,"column":72}},"9":{"start":{"line":51,"column":8},"end":{"line":51,"column":51}},"10":{"start":{"line":55,"column":8},"end":{"line":55,"column":75}},"11":{"start":{"line":57,"column":8},"end":{"line":57,"column":46}},"12":{"start":{"line":59,"column":8},"end":{"line":59,"column":50}},"13":{"start":{"line":61,"column":8},"end":{"line":61,"column":19}},"14":{"start":{"line":69,"column":8},"end":{"line":69,"column":78}},"15":{"start":{"line":71,"column":8},"end":{"line":71,"column":49}},"16":{"start":{"line":73,"column":8},"end":{"line":73,"column":1930}},"17":{"start":{"line":78,"column":8},"end":{"line":78,"column":49}},"18":{"start":{"line":79,"column":8},"end":{"line":79,"column":37}},"19":{"start":{"line":81,"column":8},"end":{"line":81,"column":48}},"20":{"start":{"line":83,"column":8},"end":{"line":83,"column":19}},"21":{"start":{"line":87,"column":8},"end":{"line":87,"column":67}},"22":{"start":{"line":89,"column":8},"end":{"line":89,"column":28}},"23":{"start":{"line":90,"column":8},"end":{"line":90,"column":30}},"24":{"start":{"line":92,"column":8},"end":{"line":92,"column":45}},"25":{"start":{"line":96,"column":8},"end":{"line":96,"column":71}},"26":{"start":{"line":98,"column":8},"end":{"line":98,"column":28}},"27":{"start":{"line":99,"column":8},"end":{"line":99,"column":32}},"28":{"start":{"line":101,"column":8},"end":{"line":101,"column":47}}},"branchMap":{"1":{"line":42,"type":"if","locations":[{"start":{"line":42,"column":8},"end":{"line":42,"column":8}},{"start":{"line":42,"column":8},"end":{"line":42,"column":8}}]},"2":{"line":55,"type":"if","locations":[{"start":{"line":55,"column":8},"end":{"line":55,"column":8}},{"start":{"line":55,"column":8},"end":{"line":55,"column":8}}]},"3":{"line":69,"type":"if","locations":[{"start":{"line":69,"column":8},"end":{"line":69,"column":8}},{"start":{"line":69,"column":8},"end":{"line":69,"column":8}}]},"4":{"line":73,"type":"if","locations":[{"start":{"line":73,"column":8},"end":{"line":73,"column":8}},{"start":{"line":73,"column":8},"end":{"line":73,"column":8}}]},"5":{"line":87,"type":"if","locations":[{"start":{"line":87,"column":8},"end":{"line":87,"column":8}},{"start":{"line":87,"column":8},"end":{"line":87,"column":8}}]},"6":{"line":96,"type":"if","locations":[{"start":{"line":96,"column":8},"end":{"line":96,"column":8}},{"start":{"line":96,"column":8},"end":{"line":96,"column":8}}]}}},"contracts/Oracle.sol":{"l":{"9":18,"13":15,"17":6,"18":6},"path":"/Users/markus/work/courses/hardhat-erc20/contracts/Oracle.sol","s":{"1":18,"2":15,"3":6,"4":6},"b":{"1":[6,0]},"f":{"1":18,"2":15,"3":6},"fnMap":{"1":{"name":"constructor","line":8,"loc":{"start":{"line":8,"column":4},"end":{"line":10,"column":4}}},"2":{"name":"getPrice","line":12,"loc":{"start":{"line":12,"column":4},"end":{"line":14,"column":4}}},"3":{"name":"setPrice","line":16,"loc":{"start":{"line":16,"column":4},"end":{"line":19,"column":4}}}},"statementMap":{"1":{"start":{"line":9,"column":8},"end":{"line":9,"column":25}},"2":{"start":{"line":13,"column":8},"end":{"line":13,"column":20}},"3":{"start":{"line":17,"column":8},"end":{"line":17,"column":57}},"4":{"start":{"line":18,"column":8},"end":{"line":18,"column":23}}},"branchMap":{"1":{"line":17,"type":"if","locations":[{"start":{"line":17,"column":8},"end":{"line":17,"column":8}},{"start":{"line":17,"column":8},"end":{"line":17,"column":8}}]}}},"contracts/StableCoin.sol":{"l":{"25":18,"26":18,"30":5,"31":5,"33":5,"34":5,"38":1,"39":1,"44":1,"46":1,"47":1,"48":1,"50":1,"51":1,"55":6,"57":6,"58":6,"61":0,"65":3,"67":3,"68":3,"69":3,"70":3,"72":3,"74":3,"77":3,"78":1,"80":1,"86":2,"87":2,"90":2,"91":2,"92":2,"94":2,"97":0,"98":0,"99":0,"102":0,"108":1,"113":1,"115":1,"116":1,"118":1,"119":1,"120":1,"121":1,"123":1,"124":1,"132":5,"134":5,"135":5,"138":5,"146":1},"path":"/Users/markus/work/courses/hardhat-erc20/contracts/StableCoin.sol","s":{"1":18,"2":18,"3":5,"4":5,"5":5,"6":5,"7":1,"8":1,"9":1,"10":1,"11":1,"12":1,"13":1,"14":1,"15":6,"16":6,"17":6,"18":0,"19":3,"20":3,"21":3,"22":3,"23":3,"24":3,"25":3,"26":3,"27":1,"28":2,"29":2,"30":2,"31":2,"32":2,"33":2,"34":0,"35":0,"36":0,"37":0,"38":1,"39":1,"40":1,"41":1,"42":1,"43":1,"44":1,"45":1,"46":1,"47":1,"48":5,"49":5,"50":5,"51":5,"52":1},"b":{"1":[1,0],"2":[1,0],"3":[6,0],"4":[3,0],"5":[1,2],"6":[1,0],"7":[1,0],"8":[1,0]},"f":{"1":18,"2":5,"3":1,"4":6,"5":3,"6":1,"7":5,"8":1},"fnMap":{"1":{"name":"constructor","line":23,"loc":{"start":{"line":22,"column":4},"end":{"line":27,"column":4}}},"2":{"name":"mint","line":29,"loc":{"start":{"line":29,"column":4},"end":{"line":35,"column":4}}},"3":{"name":"burn","line":37,"loc":{"start":{"line":37,"column":4},"end":{"line":52,"column":4}}},"4":{"name":"_getFee","line":54,"loc":{"start":{"line":54,"column":4},"end":{"line":62,"column":4}}},"5":{"name":"depositCollateralBuffer","line":64,"loc":{"start":{"line":64,"column":4},"end":{"line":103,"column":4}}},"6":{"name":"withdrawCollateralBuffer","line":105,"loc":{"start":{"line":105,"column":4},"end":{"line":125,"column":4}}},"7":{"name":"_getDeficitOrSurplusInContractInUsd","line":127,"loc":{"start":{"line":127,"column":4},"end":{"line":139,"column":4}}},"8":{"name":"_getDPCinUsdPrice","line":141,"loc":{"start":{"line":141,"column":4},"end":{"line":147,"column":4}}}},"statementMap":{"1":{"start":{"line":25,"column":8},"end":{"line":25,"column":45}},"2":{"start":{"line":26,"column":8},"end":{"line":26,"column":23}},"3":{"start":{"line":30,"column":8},"end":{"line":30,"column":40}},"4":{"start":{"line":31,"column":8},"end":{"line":31,"column":46}},"5":{"start":{"line":33,"column":8},"end":{"line":33,"column":71}},"6":{"start":{"line":34,"column":8},"end":{"line":34,"column":46}},"7":{"start":{"line":38,"column":8},"end":{"line":38,"column":76}},"8":{"start":{"line":39,"column":8},"end":{"line":39,"column":1158}},"9":{"start":{"line":44,"column":8},"end":{"line":44,"column":46}},"10":{"start":{"line":46,"column":8},"end":{"line":46,"column":71}},"11":{"start":{"line":47,"column":8},"end":{"line":47,"column":43}},"12":{"start":{"line":48,"column":8},"end":{"line":48,"column":58}},"13":{"start":{"line":50,"column":8},"end":{"line":50,"column":76}},"14":{"start":{"line":51,"column":8},"end":{"line":51,"column":62}},"15":{"start":{"line":55,"column":8},"end":{"line":55,"column":1762}},"16":{"start":{"line":57,"column":8},"end":{"line":57,"column":1841}},"17":{"start":{"line":58,"column":12},"end":{"line":58,"column":20}},"18":{"start":{"line":61,"column":8},"end":{"line":61,"column":52}},"19":{"start":{"line":65,"column":8},"end":{"line":65,"column":76}},"20":{"start":{"line":67,"column":8},"end":{"line":67,"column":2102}},"21":{"start":{"line":68,"column":12},"end":{"line":68,"column":70}},"22":{"start":{"line":69,"column":12},"end":{"line":69,"column":53}},"23":{"start":{"line":70,"column":12},"end":{"line":70,"column":63}},"24":{"start":{"line":72,"column":12},"end":{"line":72,"column":2371}},"25":{"start":{"line":74,"column":12},"end":{"line":74,"column":2491}},"26":{"start":{"line":77,"column":12},"end":{"line":77,"column":2586}},"27":{"start":{"line":78,"column":16},"end":{"line":78,"column":2699}},"28":{"start":{"line":86,"column":12},"end":{"line":86,"column":69}},"29":{"start":{"line":87,"column":12},"end":{"line":87,"column":3060}},"30":{"start":{"line":90,"column":12},"end":{"line":90,"column":46}},"31":{"start":{"line":91,"column":12},"end":{"line":91,"column":67}},"32":{"start":{"line":92,"column":12},"end":{"line":92,"column":65}},"33":{"start":{"line":94,"column":12},"end":{"line":94,"column":18}},"34":{"start":{"line":97,"column":8},"end":{"line":97,"column":61}},"35":{"start":{"line":98,"column":8},"end":{"line":98,"column":66}},"36":{"start":{"line":99,"column":8},"end":{"line":99,"column":3508}},"37":{"start":{"line":102,"column":8},"end":{"line":102,"column":62}},"38":{"start":{"line":108,"column":8},"end":{"line":108,"column":3764}},"39":{"start":{"line":113,"column":8},"end":{"line":113,"column":62}},"40":{"start":{"line":115,"column":8},"end":{"line":115,"column":76}},"41":{"start":{"line":116,"column":8},"end":{"line":116,"column":70}},"42":{"start":{"line":118,"column":8},"end":{"line":118,"column":61}},"43":{"start":{"line":119,"column":8},"end":{"line":119,"column":66}},"44":{"start":{"line":120,"column":8},"end":{"line":120,"column":76}},"45":{"start":{"line":121,"column":8},"end":{"line":121,"column":63}},"46":{"start":{"line":123,"column":8},"end":{"line":123,"column":67}},"47":{"start":{"line":124,"column":8},"end":{"line":124,"column":66}},"48":{"start":{"line":132,"column":8},"end":{"line":132,"column":4690}},"49":{"start":{"line":134,"column":8},"end":{"line":134,"column":57}},"50":{"start":{"line":135,"column":8},"end":{"line":135,"column":4878}},"51":{"start":{"line":138,"column":8},"end":{"line":138,"column":31}},"52":{"start":{"line":146,"column":8},"end":{"line":146,"column":77}}},"branchMap":{"1":{"line":39,"type":"if","locations":[{"start":{"line":39,"column":8},"end":{"line":39,"column":8}},{"start":{"line":39,"column":8},"end":{"line":39,"column":8}}]},"2":{"line":51,"type":"if","locations":[{"start":{"line":51,"column":8},"end":{"line":51,"column":8}},{"start":{"line":51,"column":8},"end":{"line":51,"column":8}}]},"3":{"line":57,"type":"if","locations":[{"start":{"line":57,"column":8},"end":{"line":57,"column":8}},{"start":{"line":57,"column":8},"end":{"line":57,"column":8}}]},"4":{"line":67,"type":"if","locations":[{"start":{"line":67,"column":8},"end":{"line":67,"column":8}},{"start":{"line":67,"column":8},"end":{"line":67,"column":8}}]},"5":{"line":77,"type":"if","locations":[{"start":{"line":77,"column":12},"end":{"line":77,"column":12}},{"start":{"line":77,"column":12},"end":{"line":77,"column":12}}]},"6":{"line":108,"type":"if","locations":[{"start":{"line":108,"column":8},"end":{"line":108,"column":8}},{"start":{"line":108,"column":8},"end":{"line":108,"column":8}}]},"7":{"line":116,"type":"if","locations":[{"start":{"line":116,"column":8},"end":{"line":116,"column":8}},{"start":{"line":116,"column":8},"end":{"line":116,"column":8}}]},"8":{"line":124,"type":"if","locations":[{"start":{"line":124,"column":8},"end":{"line":124,"column":8}},{"start":{"line":124,"column":8},"end":{"line":124,"column":8}}]}}},"contracts/WadLib.sol":{"l":{"10":1,"14":0,"22":1,"23":0,"26":1},"path":"/Users/markus/work/courses/hardhat-erc20/contracts/WadLib.sol","s":{"1":1,"2":0,"3":1,"4":0,"5":1},"b":{"1":[0,1]},"f":{"1":1,"2":0,"3":1},"fnMap":{"1":{"name":"mulWad","line":9,"loc":{"start":{"line":9,"column":2},"end":{"line":11,"column":2}}},"2":{"name":"divWad","line":13,"loc":{"start":{"line":13,"column":2},"end":{"line":15,"column":2}}},"3":{"name":"fromFraction","line":17,"loc":{"start":{"line":17,"column":2},"end":{"line":27,"column":2}}}},"statementMap":{"1":{"start":{"line":10,"column":4},"end":{"line":10,"column":50}},"2":{"start":{"line":14,"column":4},"end":{"line":14,"column":50}},"3":{"start":{"line":22,"column":4},"end":{"line":22,"column":531}},"4":{"start":{"line":23,"column":6},"end":{"line":23,"column":24}},"5":{"start":{"line":26,"column":4},"end":{"line":26,"column":59}}},"branchMap":{"1":{"line":22,"type":"if","locations":[{"start":{"line":22,"column":4},"end":{"line":22,"column":4}},{"start":{"line":22,"column":4},"end":{"line":22,"column":4}}]}}}}